[0.010s] Invoking command in '/home/triton_07/Documents/framRobot/S1_G2_Machillot_Dridi/tello_ws/build/tello_interfaces': CMAKE_PREFIX_PATH=${CMAKE_PREFIX_PATH}:/home/triton_07/Documents/framRobot/S1_G2_Machillot_Dridi/tello_ws/install/pypackage:/home/triton_07/Documents/framRobot/S1_G2_Machillot_Dridi/tello_ws/install/tello:/opt/ros/humble /usr/bin/cmake --build /home/triton_07/Documents/framRobot/S1_G2_Machillot_Dridi/tello_ws/build/tello_interfaces -- -j16 -l16
[0.026s] -- Found ament_cmake: 1.3.3 (/opt/ros/humble/share/ament_cmake/cmake)
[0.126s] -- Found rosidl_default_generators: 1.2.0 (/opt/ros/humble/share/rosidl_default_generators/cmake)
[0.128s] -- Using all available rosidl_typesupport_c: rosidl_typesupport_fastrtps_c;rosidl_typesupport_introspection_c
[0.130s] -- Found rosidl_adapter: 3.1.4 (/opt/ros/humble/share/rosidl_adapter/cmake)
[0.152s] -- Using all available rosidl_typesupport_cpp: rosidl_typesupport_fastrtps_cpp;rosidl_typesupport_introspection_cpp
[0.291s] [31mCMake Error at /opt/ros/humble/share/rosidl_adapter/cmake/rosidl_adapt_interfaces.cmake:59 (message):
[0.291s]   execute_process(/usr/bin/python3.10 -m rosidl_adapter --package-name
[0.291s]   tello_interfaces --arguments-file
[0.291s]   /home/triton_07/Documents/framRobot/S1_G2_Machillot_Dridi/tello_ws/build/tello_interfaces/rosidl_adapter__arguments__tello_interfaces.json
[0.291s]   --output-dir
[0.291s]   /home/triton_07/Documents/framRobot/S1_G2_Machillot_Dridi/tello_ws/build/tello_interfaces/rosidl_adapter/tello_interfaces
[0.291s]   --output-file
[0.291s]   /home/triton_07/Documents/framRobot/S1_G2_Machillot_Dridi/tello_ws/build/tello_interfaces/rosidl_adapter/tello_interfaces.idls)
[0.291s]   returned error code 1:
[0.291s] 
[0.291s]   Traceback (most recent call last):
[0.291s] 
[0.291s]     File "/usr/lib/python3.10/runpy.py", line 196, in _run_module_as_main
[0.291s]       return _run_code(code, main_globals, None,
[0.291s]     File "/usr/lib/python3.10/runpy.py", line 86, in _run_code
[0.291s]       exec(code, run_globals)
[0.291s]     File "/opt/ros/humble/local/lib/python3.10/dist-packages/rosidl_adapter/__main__.py", line 19, in <module>
[0.291s]       sys.exit(main())
[0.291s]     File "/opt/ros/humble/local/lib/python3.10/dist-packages/rosidl_adapter/main.py", line 53, in main
[0.291s]       abs_idl_file = convert_to_idl(
[0.291s]     File "/opt/ros/humble/local/lib/python3.10/dist-packages/rosidl_adapter/__init__.py", line 19, in convert_to_idl
[0.291s]       return convert_msg_to_idl(
[0.292s]     File "/opt/ros/humble/local/lib/python3.10/dist-packages/rosidl_adapter/msg/__init__.py", line 28, in convert_msg_to_idl
[0.292s]       msg = parse_message_string(package_name, input_file.stem, content)
[0.292s]     File "/opt/ros/humble/local/lib/python3.10/dist-packages/rosidl_adapter/parser.py", line 544, in parse_message_string
[0.292s]       msg = MessageSpecification(pkg_name, msg_name, fields, constants)
[0.292s]     File "/opt/ros/humble/local/lib/python3.10/dist-packages/rosidl_adapter/parser.py", line 388, in __init__
[0.292s]       self.base_type = BaseType(
[0.292s]     File "/opt/ros/humble/local/lib/python3.10/dist-packages/rosidl_adapter/parser.py", line 205, in __init__
[0.292s]       raise InvalidResourceName(
[0.292s] 
[0.292s]   rosidl_adapter.parser.InvalidResourceName: 'coord' is an invalid message
[0.292s]   name.  It should have the pattern '^[A-Z][A-Za-z0-9]*$'
[0.292s] 
[0.292s] Call Stack (most recent call first):
[0.292s]   /opt/ros/humble/share/rosidl_cmake/cmake/rosidl_generate_interfaces.cmake:130 (rosidl_adapt_interfaces)
[0.292s]   CMakeLists.txt:12 (rosidl_generate_interfaces)
[0.292s] 
[0.292s] [0m
[0.292s] -- Configuring incomplete, errors occurred!
[0.292s] See also "/home/triton_07/Documents/framRobot/S1_G2_Machillot_Dridi/tello_ws/build/tello_interfaces/CMakeFiles/CMakeOutput.log".
[0.294s] gmake: *** [Makefile:747: cmake_check_build_system] Error 1
[0.295s] Invoked command in '/home/triton_07/Documents/framRobot/S1_G2_Machillot_Dridi/tello_ws/build/tello_interfaces' returned '2': CMAKE_PREFIX_PATH=${CMAKE_PREFIX_PATH}:/home/triton_07/Documents/framRobot/S1_G2_Machillot_Dridi/tello_ws/install/pypackage:/home/triton_07/Documents/framRobot/S1_G2_Machillot_Dridi/tello_ws/install/tello:/opt/ros/humble /usr/bin/cmake --build /home/triton_07/Documents/framRobot/S1_G2_Machillot_Dridi/tello_ws/build/tello_interfaces -- -j16 -l16
